Using pre-set license
Built from '2020.3/release' branch; Version is '2020.3.1f1 (77a89f25062f) revision 7841951'; Using compiler version '192528614'; Build Type 'Release'
OS: 'Windows 7  (6.1.0) 64bit' Language: 'tr' Physical Memory: 8091 MB
BatchMode: 1, IsHumanControllingUs: 0, StartBugReporterOnCrash: 0, Is64bit: 1, IsPro: 0

 COMMAND LINE ARGUMENTS:
C:\Program Files\Unity\2020.3.1f1\Editor\Unity.exe
-adb2
-batchMode
-noUpm
-name
AssetImportWorker0
-projectPath
D:/Unity Projects/Helix Jump
-logFile
Logs/AssetImportWorker0.log
-srvPort
62082
Successfully changed project path to: D:/Unity Projects/Helix Jump
D:/Unity Projects/Helix Jump
Using Asset Import Pipeline V2.
Refreshing native plugins compatible for Editor in 32.08 ms, found 0 plugins.
Preloading 0 native plugins for Editor in 0.00 ms.
Initialize engine version: 2020.3.1f1 (77a89f25062f)
[Subsystems] Discovering subsystems at path C:/Program Files/Unity/2020.3.1f1/Editor/Data/Resources/UnitySubsystems
[Subsystems] Discovering subsystems at path D:/Unity Projects/Helix Jump/Assets
GfxDevice: creating device client; threaded=0
d3d11: CreateDXGIFactory2(...) not found, fallbacking to CreateDXGIFactory1(...).
d3d11: D3D_FEATURE_LEVEL_11_1 not-recognized (only 11.0 runtime installed?)
d3d11: QueryInterface(IDXGIFactory5) failed (80004002).
Direct3D:
    Version:  Direct3D 11.0 [level 11.0]
    Renderer: NVIDIA GeForce 840M (ID=0x1341)
    Vendor:   
    VRAM:     1986 MB
    Driver:   26.21.14.3615
Initialize mono
Mono path[0] = 'C:/Program Files/Unity/2020.3.1f1/Editor/Data/Managed'
Mono path[1] = 'C:/Program Files/Unity/2020.3.1f1/Editor/Data/MonoBleedingEdge/lib/mono/unityjit'
Mono config path = 'C:/Program Files/Unity/2020.3.1f1/Editor/Data/MonoBleedingEdge/etc'
Using monoOptions --debugger-agent=transport=dt_socket,embedding=1,server=y,suspend=n,address=127.0.0.1:56408
Begin MonoManager ReloadAssembly
Registering precompiled unity dll's ...
Register platform support module: C:/Program Files/Unity/2020.3.1f1/Editor/Data/PlaybackEngines/WindowsStandaloneSupport/UnityEditor.WindowsStandalone.Extensions.dll
Registered in 0.001504 seconds.
Native extension for WindowsStandalone target not found
Refreshing native plugins compatible for Editor in 31.88 ms, found 0 plugins.
Preloading 0 native plugins for Editor in 0.00 ms.
Invoked RoslynAnalysisRunner static constructor.
RoslynAnalysisRunner will not be running.
RoslynAnalysisRunner has terminated.
Mono: successfully reloaded assembly
- Completed reload, in  1.496 seconds
Platform modules already initialized, skipping
Registering precompiled user dll's ...
Registered in 0.000494 seconds.
Begin MonoManager ReloadAssembly
Native extension for WindowsStandalone target not found
Refreshing native plugins compatible for Editor in 0.40 ms, found 0 plugins.
Preloading 0 native plugins for Editor in 0.00 ms.
Invoked RoslynAnalysisRunner static constructor.
RoslynAnalysisRunner will not be running.
RoslynAnalysisRunner has terminated.
Mono: successfully reloaded assembly
- Completed reload, in  1.347 seconds
Platform modules already initialized, skipping
========================================================================
Worker process is ready to serve import requests
Launched and connected shader compiler UnityShaderCompiler.exe after 0.03 seconds
Refreshing native plugins compatible for Editor in 0.29 ms, found 0 plugins.
Preloading 0 native plugins for Editor in 0.00 ms.
Unloading 1117 Unused Serialized files (Serialized files now loaded: 0)
System memory in use before: 57.1 MB.
System memory in use after: 57.1 MB.

Unloading 10 unused Assets to reduce memory usage. Loaded Objects now: 1560.
Total: 3.077338 ms (FindLiveObjects: 0.248909 ms CreateObjectMapping: 0.077376 ms MarkObjects: 2.652700 ms  DeleteObjects: 0.095555 ms)

========================================================================
Received Import Request.
  path: Assets/Scripts/LoadingScene.cs
  artifactKey: Guid(8231d8d67ad9a674e9f0d7f82503be20) Importer(815301076,1909f56bfc062723c751e8b465ee728b)
Start importing Assets/Scripts/LoadingScene.cs using Guid(8231d8d67ad9a674e9f0d7f82503be20) Importer(815301076,1909f56bfc062723c751e8b465ee728b)  -> (artifact id: '8e1b22c67dc485671edbda2611556f4f') in 0.017345 seconds
  Import took 0.020241 seconds .

========================================================================
Received Import Request.
  Time since last request: 0.006437 seconds.
  path: Assets/Scripts/LoadingScene.cs
  artifactKey: Guid(8231d8d67ad9a674e9f0d7f82503be20) Importer(815301076,1909f56bfc062723c751e8b465ee728b)
Start importing Assets/Scripts/LoadingScene.cs using Guid(8231d8d67ad9a674e9f0d7f82503be20) Importer(815301076,1909f56bfc062723c751e8b465ee728b)  -> (artifact id: '8e1b22c67dc485671edbda2611556f4f') in 0.001114 seconds
  Import took 0.004794 seconds .

========================================================================
Received Import Request.
  Time since last request: 49.876616 seconds.
  path: Assets/Scenes
  artifactKey: Guid(2975dc0ad5f44e84fab74ef55b8e8f8c) Importer(815301076,1909f56bfc062723c751e8b465ee728b)
Start importing Assets/Scenes using Guid(2975dc0ad5f44e84fab74ef55b8e8f8c) Importer(815301076,1909f56bfc062723c751e8b465ee728b)  -> (artifact id: 'a952fc209e261ecf052973fcfbcc2923') in 0.003092 seconds
  Import took 0.010293 seconds .

========================================================================
Received Import Request.
  Time since last request: 0.636925 seconds.
  path: Assets/Scenes/SampleScene.unity
  artifactKey: Guid(9fc0d4010bbf28b4594072e72b8655ab) Importer(815301076,1909f56bfc062723c751e8b465ee728b)
Start importing Assets/Scenes/SampleScene.unity using Guid(9fc0d4010bbf28b4594072e72b8655ab) Importer(815301076,1909f56bfc062723c751e8b465ee728b)  -> (artifact id: '42e21e7690391a45939c14e2919b2cc0') in 0.029950 seconds
  Import took 0.034568 seconds .

========================================================================
Received Import Request.
  Time since last request: 7.500091 seconds.
  path: Assets/Scenes/Level1.unity
  artifactKey: Guid(9fc0d4010bbf28b4594072e72b8655ab) Importer(815301076,1909f56bfc062723c751e8b465ee728b)
Start importing Assets/Scenes/Level1.unity using Guid(9fc0d4010bbf28b4594072e72b8655ab) Importer(815301076,1909f56bfc062723c751e8b465ee728b)  -> (artifact id: 'dcfa2ab2bc51d49d971aba473f17e493') in 0.001591 seconds
  Import took 0.005100 seconds .

========================================================================
Received Import Request.
  Time since last request: 0.006873 seconds.
  path: Assets/Scenes/Level1.unity
  artifactKey: Guid(9fc0d4010bbf28b4594072e72b8655ab) Importer(815301076,1909f56bfc062723c751e8b465ee728b)
Start importing Assets/Scenes/Level1.unity using Guid(9fc0d4010bbf28b4594072e72b8655ab) Importer(815301076,1909f56bfc062723c751e8b465ee728b)  -> (artifact id: 'dcfa2ab2bc51d49d971aba473f17e493') in 0.001430 seconds
  Import took 0.004570 seconds .

========================================================================
Received Import Request.
  Time since last request: 20.667477 seconds.
  path: Assets/Scenes/Menu.unity
  artifactKey: Guid(c9e3bdefc79f4cf46b46042c92b6e388) Importer(815301076,1909f56bfc062723c751e8b465ee728b)
Start importing Assets/Scenes/Menu.unity using Guid(c9e3bdefc79f4cf46b46042c92b6e388) Importer(815301076,1909f56bfc062723c751e8b465ee728b)  -> (artifact id: 'a35a9b9f8d4a3b369f85549ca085e2bc') in 0.002660 seconds
  Import took 0.006871 seconds .

========================================================================
Received Import Request.
  Time since last request: 708.305812 seconds.
  path: Assets/Scenes/Menu.unity
  artifactKey: Guid(c9e3bdefc79f4cf46b46042c92b6e388) Importer(815301076,1909f56bfc062723c751e8b465ee728b)
Start importing Assets/Scenes/Menu.unity using Guid(c9e3bdefc79f4cf46b46042c92b6e388) Importer(815301076,1909f56bfc062723c751e8b465ee728b)  -> (artifact id: '2dbb55c3861870c3d6afa8604809e289') in 0.005995 seconds
  Import took 0.014838 seconds .

========================================================================
Received Prepare
Registering precompiled user dll's ...
Registered in 0.000526 seconds.
Begin MonoManager ReloadAssembly
Native extension for WindowsStandalone target not found
Refreshing native plugins compatible for Editor in 0.29 ms, found 0 plugins.
Preloading 0 native plugins for Editor in 0.00 ms.
Invoked RoslynAnalysisRunner static constructor.
RoslynAnalysisRunner will not be running.
RoslynAnalysisRunner has terminated.
Mono: successfully reloaded assembly
- Completed reload, in  1.245 seconds
Platform modules already initialized, skipping
Refreshing native plugins compatible for Editor in 0.28 ms, found 0 plugins.
Preloading 0 native plugins for Editor in 0.00 ms.
Unloading 1112 Unused Serialized files (Serialized files now loaded: 0)
System memory in use before: 57.1 MB.
System memory in use after: 57.1 MB.

Unloading 5 unused Assets to reduce memory usage. Loaded Objects now: 1563.
Total: 2.676007 ms (FindLiveObjects: 0.173864 ms CreateObjectMapping: 0.047078 ms MarkObjects: 2.370697 ms  DeleteObjects: 0.082970 ms)

========================================================================
Received Prepare
Registering precompiled user dll's ...
Registered in 0.000692 seconds.
Begin MonoManager ReloadAssembly
Native extension for WindowsStandalone target not found
Refreshing native plugins compatible for Editor in 0.25 ms, found 0 plugins.
Preloading 0 native plugins for Editor in 0.00 ms.
Invoked RoslynAnalysisRunner static constructor.
RoslynAnalysisRunner will not be running.
RoslynAnalysisRunner has terminated.
Mono: successfully reloaded assembly
- Completed reload, in  1.196 seconds
Platform modules already initialized, skipping
Refreshing native plugins compatible for Editor in 0.39 ms, found 0 plugins.
Preloading 0 native plugins for Editor in 0.00 ms.
Unloading 1112 Unused Serialized files (Serialized files now loaded: 0)
System memory in use before: 57.1 MB.
System memory in use after: 57.2 MB.

Unloading 5 unused Assets to reduce memory usage. Loaded Objects now: 1566.
Total: 3.292686 ms (FindLiveObjects: 0.569135 ms CreateObjectMapping: 0.054536 ms MarkObjects: 2.582316 ms  DeleteObjects: 0.082037 ms)

========================================================================
Received Import Request.
  Time since last request: 208.569132 seconds.
  path: Assets/Scenes/Level1.unity
  artifactKey: Guid(9fc0d4010bbf28b4594072e72b8655ab) Importer(815301076,1909f56bfc062723c751e8b465ee728b)
Start importing Assets/Scenes/Level1.unity using Guid(9fc0d4010bbf28b4594072e72b8655ab) Importer(815301076,1909f56bfc062723c751e8b465ee728b)  -> (artifact id: 'd203e987c4834ceccadf0b7db03b9c50') in 0.025444 seconds
  Import took 0.030318 seconds .

========================================================================
Received Import Request.
  Time since last request: 5.945545 seconds.
  path: Assets/Scenes/Menu.unity
  artifactKey: Guid(c9e3bdefc79f4cf46b46042c92b6e388) Importer(815301076,1909f56bfc062723c751e8b465ee728b)
Start importing Assets/Scenes/Menu.unity using Guid(c9e3bdefc79f4cf46b46042c92b6e388) Importer(815301076,1909f56bfc062723c751e8b465ee728b)  -> (artifact id: '724ee546c78c130818e8f324e9d723fe') in 0.002470 seconds
  Import took 0.007622 seconds .

========================================================================
Received Import Request.
  Time since last request: 0.000542 seconds.
  path: Assets/Scenes/Menu.unity
  artifactKey: Guid(c9e3bdefc79f4cf46b46042c92b6e388) Importer(815301076,1909f56bfc062723c751e8b465ee728b)
Start importing Assets/Scenes/Menu.unity using Guid(c9e3bdefc79f4cf46b46042c92b6e388) Importer(815301076,1909f56bfc062723c751e8b465ee728b)  -> (artifact id: '724ee546c78c130818e8f324e9d723fe') in 0.003920 seconds
  Import took 0.009727 seconds .

========================================================================
Received Prepare
Registering precompiled user dll's ...
Registered in 0.000545 seconds.
Begin MonoManager ReloadAssembly
Native extension for WindowsStandalone target not found
Refreshing native plugins compatible for Editor in 0.27 ms, found 0 plugins.
Preloading 0 native plugins for Editor in 0.00 ms.
Invoked RoslynAnalysisRunner static constructor.
RoslynAnalysisRunner will not be running.
RoslynAnalysisRunner has terminated.
Mono: successfully reloaded assembly
- Completed reload, in  1.049 seconds
Platform modules already initialized, skipping
Refreshing native plugins compatible for Editor in 0.31 ms, found 0 plugins.
Preloading 0 native plugins for Editor in 0.00 ms.
Unloading 1112 Unused Serialized files (Serialized files now loaded: 0)
System memory in use before: 57.1 MB.
System memory in use after: 57.2 MB.

Unloading 5 unused Assets to reduce memory usage. Loaded Objects now: 1569.
Total: 2.453200 ms (FindLiveObjects: 0.296454 ms CreateObjectMapping: 0.109073 ms MarkObjects: 1.981485 ms  DeleteObjects: 0.063859 ms)

AssetImportWorkerClient::OnTransportError - code=2 error=End of file
